<?xml version="1.0" encoding="UTF-8"?>
<testng-results ignored="0" total="1" passed="1" failed="0" skipped="0">
  <reporter-output>
  </reporter-output>
  <suite started-at="2021-12-14T16:18:27 EST" name="Default suite" finished-at="2021-12-14T16:18:45 EST" duration-ms="18023">
    <groups>
    </groups>
    <test started-at="2021-12-14T16:18:27 EST" name="Default test" finished-at="2021-12-14T16:18:45 EST" duration-ms="18023">
      <class name="com.packt.tests.smokeTestMyFitnessPal">
        <test-method is-config="true" signature="setUp(java.lang.String)[pri:0, instance:com.packt.tests.smokeTestMyFitnessPal@4e268090]" started-at="2021-12-14T16:18:27 EST" name="setUp" finished-at="2021-12-14T16:18:35 EST" duration-ms="7690" status="PASS">
          <params>
            <param index="0">
              <value>
                <![CDATA[Chrome]]>
              </value>
            </param>
          </params>
          <reporter-output>
          </reporter-output>
        </test-method> <!-- setUp -->
        <test-method signature="smokeTestFitnessPal(java.lang.String, java.lang.String)[pri:0, instance:com.packt.tests.smokeTestMyFitnessPal@4e268090]" started-at="2021-12-14T16:18:35 EST" name="smokeTestFitnessPal" data-provider="smokeTest" finished-at="2021-12-14T16:18:44 EST" duration-ms="9319" status="PASS">
          <params>
            <param index="0">
              <value>
                <![CDATA[anejahd@gmail.com]]>
              </value>
            </param>
            <param index="1">
              <value>
                <![CDATA[Koolkid12!]]>
              </value>
            </param>
          </params>
          <reporter-output>
          </reporter-output>
        </test-method> <!-- smokeTestFitnessPal -->
        <test-method is-config="true" signature="tearDown()[pri:0, instance:com.packt.tests.smokeTestMyFitnessPal@4e268090]" started-at="2021-12-14T16:18:44 EST" name="tearDown" finished-at="2021-12-14T16:18:45 EST" duration-ms="954" status="PASS">
          <reporter-output>
          </reporter-output>
        </test-method> <!-- tearDown -->
      </class> <!-- com.packt.tests.smokeTestMyFitnessPal -->
    </test> <!-- Default test -->
  </suite> <!-- Default suite -->
</testng-results>
